<?xml version="1.0" encoding="UTF-8"?>
<!-- Generated by org.testng.reporters.JUnitReportReporter -->
<testsuite skipped="0" hostname="Personal" name="qa.com.testscript.Tc_Banggood" tests="4" failures="0" timestamp="2021-06-22T18:24:37 IST" time="71.629" errors="0">
  <testcase name="SearchItem" time="20.134" classname="qa.com.testscript.Tc_Banggood"/>
  <system-out>
    <![CDATA[The item is searched]]>
  </system-out>
  <testcase name="SearchItem" time="25.912" classname="qa.com.testscript.Tc_Banggood"/>
  <system-out>
    <![CDATA[The item is searched]]>
  </system-out>
  <testcase name="SearchItem" time="3.435" classname="qa.com.testscript.Tc_Banggood"/>
  <system-out>
    <![CDATA[The item is searched]]>
  </system-out>
  <testcase name="SearchItem" time="22.148" classname="qa.com.testscript.Tc_Banggood"/>
  <system-out>
    <![CDATA[The item is searched]]>
  </system-out>
</testsuite> <!-- qa.com.testscript.Tc_Banggood -->
