<?xml version="1.0" encoding="UTF-8"?>
<!-- Generated by org.testng.reporters.JUnitReportReporter -->
<testsuite skipped="0" hostname="Personal" name="com.qa.testscript.Tc_Banggood" tests="4" failures="0" timestamp="2021-06-23T12:53:04 IST" time="54.686" errors="0">
  <testcase name="SearchItem" time="21.140" classname="com.qa.testscript.Tc_Banggood"/>
  <system-out>
    <![CDATA[The item is searched]]>
  </system-out>
  <testcase name="SearchItem" time="9.390" classname="com.qa.testscript.Tc_Banggood"/>
  <system-out>
    <![CDATA[The item is searched]]>
  </system-out>
  <testcase name="SearchItem" time="4.485" classname="com.qa.testscript.Tc_Banggood"/>
  <system-out>
    <![CDATA[The item is searched]]>
  </system-out>
  <testcase name="SearchItem" time="19.671" classname="com.qa.testscript.Tc_Banggood"/>
  <system-out>
    <![CDATA[The item is searched]]>
  </system-out>
</testsuite> <!-- com.qa.testscript.Tc_Banggood -->
